[INFO ] 2024-05-11 19:31:35.299 [main] Steps - Edgedriver Initiated
[INFO ] 2024-05-11 19:31:37.027 [main] Steps - Navigated tohttps://www.nopcommerce.com/enURL
[INFO ] 2024-05-11 19:31:49.878 [main] Steps - Broswer Closed
[INFO ] 2024-05-11 19:33:08.099 [main] Steps - Chromedriver Initiated
[INFO ] 2024-05-11 19:33:09.302 [main] Steps - Navigated tohttps://www.nopcommerce.com/enURL
[INFO ] 2024-05-11 19:33:21.294 [main] Steps - Broswer Closed
[INFO ] 2024-07-03 19:12:27.361 [main] Steps - Chromedriver Initiated
[INFO ] 2024-07-03 19:12:28.121 [main] Steps - Navigated tohttps://www.nopcommerce.com/enURL
[INFO ] 2024-07-03 19:12:41.057 [main] Steps - Broswer Closed
[INFO ] 2024-07-03 19:20:02.713 [main] Steps - Chromedriver Initiated
[INFO ] 2024-07-03 19:20:04.316 [main] Steps - Navigated tohttps://www.nopcommerce.com/enURL
[INFO ] 2024-07-03 19:20:16.206 [main] Steps - Broswer Closed
[INFO ] 2024-07-03 19:27:57.280 [main] Steps - Chromedriver Initiated
[INFO ] 2024-07-03 19:27:57.830 [main] Steps - Navigated tohttps://www.nopcommerce.com/enURL
[INFO ] 2024-07-03 19:28:09.679 [main] Steps - Broswer Closed
[INFO ] 2024-07-03 19:34:13.114 [main] Steps - Chromedriver Initiated
[INFO ] 2024-07-03 19:34:13.630 [main] Steps - Navigated tohttps://www.nopcommerce.com/enURL
[INFO ] 2024-07-03 19:34:25.747 [main] Steps - Broswer Closed
[INFO ] 2024-07-03 19:37:48.945 [main] Steps - Chromedriver Initiated
[INFO ] 2024-07-03 19:37:49.808 [main] Steps - Navigated tohttps://www.google.com/URL
[INFO ] 2024-07-03 19:38:01.768 [main] Steps - Broswer Closed
[INFO ] 2024-07-03 19:41:01.229 [main] Steps - Chromedriver Initiated
[INFO ] 2024-07-03 19:41:02.826 [main] Steps - Navigated to: https://www.nopcommerce.com/enURL
[INFO ] 2024-07-03 19:41:14.900 [main] Steps - Broswer Closed
[INFO ] 2024-07-03 19:42:01.130 [main] Steps - Edgedriver Initiated
[INFO ] 2024-07-03 19:42:02.668 [main] Steps - Navigated to: https://www.nopcommerce.com/enURL
[INFO ] 2024-07-03 19:42:15.449 [main] Steps - Broswer Closed
[INFO ] 2024-07-03 19:52:48.024 [main] Steps - Edgedriver Initiated
[INFO ] 2024-07-03 19:52:49.642 [main] Steps - Navigated to: https://www.nopcommerce.com/enURL
[INFO ] 2024-07-03 19:52:57.723 [main] Steps - Broswer Closed
[INFO ] 2024-07-03 20:17:31.041 [main] Steps - Edgedriver Initiated
[INFO ] 2024-07-03 20:17:33.983 [main] Steps - Navigated to: https://www.nopcommerce.com/enURL
[INFO ] 2024-07-03 20:17:43.139 [main] Steps - Broswer Closed
[INFO ] 2024-07-03 20:17:56.084 [main] Steps - Edgedriver Initiated
[INFO ] 2024-07-03 20:17:57.562 [main] Steps - Navigated to: https://www.nopcommerce.com/enURL
[INFO ] 2024-07-03 20:18:05.463 [main] Steps - Broswer Closed
[INFO ] 2024-07-03 20:18:24.994 [main] Steps - Edgedriver Initiated
[INFO ] 2024-07-03 20:18:26.723 [main] Steps - Navigated to: https://www.nopcommerce.com/enURL
[INFO ] 2024-07-03 20:18:34.753 [main] Steps - Broswer Closed
[INFO ] 2024-07-03 20:30:10.064 [main] Steps - Edgedriver Initiated
[INFO ] 2024-07-03 20:30:11.940 [main] Steps - Navigated to: https://www.nopcommerce.com/enURL
[INFO ] 2024-07-03 20:30:20.000 [main] Steps - Broswer Closed
[INFO ] 2024-07-03 20:34:22.936 [main] Steps - Edgedriver Initiated
[INFO ] 2024-07-03 20:34:24.583 [main] Steps - Navigated to: https://www.nopcommerce.com/enURL
[INFO ] 2024-07-03 20:35:47.969 [main] Steps - Broswer Closed
[INFO ] 2024-07-03 20:41:33.023 [main] Steps - Edgedriver Initiated
[INFO ] 2024-07-03 20:41:34.706 [main] Steps - Navigated to: https://www.nopcommerce.com/enURL
[INFO ] 2024-07-03 20:41:42.852 [main] Steps - Broswer Closed
[INFO ] 2024-07-03 20:44:55.109 [main] Steps - Edgedriver Initiated
[INFO ] 2024-07-03 20:44:56.611 [main] Steps - Navigated to: https://www.nopcommerce.com/enURL
[INFO ] 2024-07-03 20:45:04.717 [main] Steps - Broswer Closed
[INFO ] 2024-07-03 20:49:22.777 [main] Steps - Edgedriver Initiated
[INFO ] 2024-07-03 20:49:24.498 [main] Steps - Navigated to: https://www.nopcommerce.com/enURL
[INFO ] 2024-07-03 20:49:32.488 [main] Steps - Broswer Closed
[INFO ] 2024-07-03 20:55:10.400 [main] Steps - Edgedriver Initiated
[INFO ] 2024-07-03 20:55:12.106 [main] Steps - Navigated to: https://www.nopcommerce.com/enURL
[INFO ] 2024-07-03 20:55:20.150 [main] Steps - Broswer Closed
[INFO ] 2024-07-03 20:57:43.572 [main] Steps - Edgedriver Initiated
[INFO ] 2024-07-03 20:57:45.268 [main] Steps - Navigated to: https://www.nopcommerce.com/enURL
[INFO ] 2024-07-03 20:57:53.409 [main] Steps - Broswer Closed
[INFO ] 2024-07-03 21:01:59.177 [main] Steps - Edgedriver Initiated
[INFO ] 2024-07-03 21:02:00.926 [main] Steps - Navigated to: https://www.nopcommerce.com/enURL
[INFO ] 2024-07-03 21:02:09.072 [main] Steps - Broswer Closed
[INFO ] 2024-07-03 21:05:44.195 [main] Steps - Edgedriver Initiated
[INFO ] 2024-07-03 21:05:45.647 [main] Steps - Navigated to: https://www.nopcommerce.com/enURL
[INFO ] 2024-07-03 21:05:53.862 [main] Steps - Broswer Closed
[INFO ] 2024-07-03 21:07:23.637 [main] Steps - Edgedriver Initiated
[INFO ] 2024-07-03 21:07:25.587 [main] Steps - Navigated to: https://www.nopcommerce.com/enURL
[INFO ] 2024-07-03 21:08:06.646 [main] Steps - Broswer Closed
[INFO ] 2024-07-31 19:09:14.002 [main] Steps - Edgedriver Initiated
[INFO ] 2024-07-31 19:09:16.129 [main] Steps - Navigated to: https://www.nopcommerce.com/enURL
[INFO ] 2024-07-31 19:09:54.317 [main] Steps - Broswer Closed
[INFO ] 2024-07-31 19:10:06.452 [main] Steps - Chromedriver Initiated
[INFO ] 2024-07-31 19:10:07.681 [main] Steps - Navigated to: https://www.nopcommerce.com/enURL
[INFO ] 2024-07-31 19:10:47.713 [main] Steps - Broswer Closed
[INFO ] 2024-08-27 21:35:19.468 [main] Steps - Chromedriver Initiated
[INFO ] 2024-08-27 21:35:21.486 [main] Steps - Navigated to: https://www.nopcommerce.com/enURL
[INFO ] 2024-08-27 21:36:01.374 [main] Steps - Broswer Closed
[INFO ] 2024-09-04 21:33:50.692 [main] Steps - Chromedriver Initiated
[INFO ] 2024-09-04 21:33:52.776 [main] Steps - Navigated to: https://www.nopcommerce.com/enURL
[INFO ] 2024-09-04 21:34:32.465 [main] Steps - Broswer Closed
[INFO ] 2024-09-04 22:20:14.178 [main] Steps - Chromedriver Initiated
[INFO ] 2024-09-04 22:20:15.155 [main] Steps - Navigated to: https://opensource-demo.orangehrmlive.com/web/index.php/auth/loginURL
[INFO ] 2024-09-04 22:20:28.258 [main] Steps - Broswer Closed
[INFO ] 2024-09-09 18:53:51.986 [main] Steps - Chromedriver Initiated
[INFO ] 2024-09-09 18:53:53.023 [main] Steps - Navigated to: https://opensource-demo.orangehrmlive.com/web/index.php/auth/loginURL
[INFO ] 2024-09-09 18:53:53.186 [main] Steps - Broswer Closed
[INFO ] 2024-09-09 18:55:22.973 [main] Steps - Chromedriver Initiated
[INFO ] 2024-09-09 18:55:29.353 [main] Steps - Navigated to: https://opensource-demo.orangehrmlive.com/web/index.php/auth/loginURL
[INFO ] 2024-09-09 18:55:30.128 [main] Steps - Broswer Closed
[INFO ] 2024-09-09 18:59:02.183 [main] Steps - Chromedriver Initiated
[INFO ] 2024-09-09 18:59:08.841 [main] Steps - Navigated to: https://opensource-demo.orangehrmlive.com/web/index.php/auth/loginURL
[INFO ] 2024-09-09 18:59:09.555 [main] Steps - Tile verified successfully
[INFO ] 2024-09-09 18:59:09.699 [main] Steps - Broswer Closed
[INFO ] 2024-09-09 19:34:15.669 [main] Steps - Chromedriver Initiated
[INFO ] 2024-09-09 19:34:18.535 [main] Steps - Navigated to: https://opensource-demo.orangehrmlive.com/web/index.php/auth/loginURL
[INFO ] 2024-09-09 19:34:24.727 [main] Steps - Broswer Closed
[INFO ] 2024-09-09 19:35:03.466 [main] Steps - Chromedriver Initiated
[INFO ] 2024-09-09 19:35:05.896 [main] Steps - Navigated to: https://opensource-demo.orangehrmlive.com/web/index.php/auth/loginURL
[INFO ] 2024-09-09 19:35:06.463 [main] Steps - Submit button clicked successfully
[INFO ] 2024-09-09 19:35:12.780 [main] Steps - Broswer Closed
[INFO ] 2024-09-09 19:39:40.638 [main] Steps - Chromedriver Initiated
[INFO ] 2024-09-09 19:39:43.064 [main] Steps - Navigated to: https://opensource-demo.orangehrmlive.com/web/index.php/auth/loginURL
[INFO ] 2024-09-09 19:39:44.358 [main] Steps - Submit button clicked successfully
[INFO ] 2024-09-09 19:39:49.961 [main] Steps - Broswer Closed
[INFO ] 2024-09-09 19:43:09.257 [main] Steps - Chromedriver Initiated
[INFO ] 2024-09-09 19:43:11.465 [main] Steps - Navigated to: https://opensource-demo.orangehrmlive.com/web/index.php/auth/loginURL
[INFO ] 2024-09-09 19:43:12.050 [main] Steps - Submit button clicked successfully
[INFO ] 2024-09-09 19:43:18.266 [main] Steps - Broswer Closed
[INFO ] 2024-09-09 19:43:52.861 [main] Steps - Chromedriver Initiated
[INFO ] 2024-09-09 19:43:55.103 [main] Steps - Navigated to: https://opensource-demo.orangehrmlive.com/web/index.php/auth/loginURL
[INFO ] 2024-09-09 19:43:55.747 [main] Steps - Submit button clicked successfully
[INFO ] 2024-09-09 19:44:01.998 [main] Steps - Broswer Closed
[INFO ] 2024-09-09 19:45:03.058 [main] Steps - Chromedriver Initiated
[INFO ] 2024-09-09 19:45:05.799 [main] Steps - Navigated to: https://opensource-demo.orangehrmlive.com/web/index.php/auth/loginURL
[INFO ] 2024-09-09 19:45:07.408 [main] Steps - Submit button clicked successfully
[INFO ] 2024-09-09 19:45:08.701 [main] Steps - Logout button clicked successfully
[INFO ] 2024-09-09 19:45:09.056 [main] Steps - Submit button clicked successfully
[INFO ] 2024-09-09 19:45:09.225 [main] Steps - Broswer Closed
[INFO ] 2024-09-09 19:45:36.583 [main] Steps - Chromedriver Initiated
[INFO ] 2024-09-09 19:45:42.462 [main] Steps - Navigated to: https://opensource-demo.orangehrmlive.com/web/index.php/auth/loginURL
[INFO ] 2024-09-09 19:45:44.051 [main] Steps - Submit button clicked successfully
[INFO ] 2024-09-09 19:45:45.426 [main] Steps - Logout button clicked successfully
[INFO ] 2024-09-09 19:45:45.770 [main] Steps - Submit button clicked successfully
[INFO ] 2024-09-09 19:45:45.958 [main] Steps - Broswer Closed
[INFO ] 2024-09-09 19:49:19.455 [main] Steps - Chromedriver Initiated
[INFO ] 2024-09-09 19:49:21.802 [main] Steps - Navigated to: https://opensource-demo.orangehrmlive.com/web/index.php/auth/loginURL
[INFO ] 2024-09-09 19:49:23.492 [main] Steps - Submit button clicked successfully
[INFO ] 2024-09-09 19:49:23.501 [main] Steps - Tile verified successfully
[INFO ] 2024-09-09 19:49:23.630 [main] Steps - Broswer Closed
[INFO ] 2024-09-09 19:54:01.295 [main] Steps - Edgedriver Initiated
[INFO ] 2024-09-09 19:54:03.826 [main] Steps - Navigated to: https://opensource-demo.orangehrmlive.com/web/index.php/auth/loginURL
[INFO ] 2024-09-09 19:54:05.420 [main] Steps - Submit button clicked successfully
[INFO ] 2024-09-09 19:54:05.429 [main] Steps - Tile verified successfully
[INFO ] 2024-09-09 19:54:06.709 [main] Steps - Broswer Closed
[INFO ] 2024-09-09 19:59:52.588 [main] Steps - Edgedriver Initiated
[INFO ] 2024-09-09 19:59:55.192 [main] Steps - Navigated to: https://opensource-demo.orangehrmlive.com/web/index.php/auth/loginURL
[INFO ] 2024-09-09 19:59:57.107 [main] Steps - Submit button clicked successfully
[INFO ] 2024-09-09 19:59:58.944 [main] Steps - Logout button clicked successfully
[INFO ] 2024-09-09 19:59:59.374 [main] Steps - Submit button clicked successfully
[INFO ] 2024-09-09 20:00:00.644 [main] Steps - Broswer Closed
[INFO ] 2024-09-09 20:00:53.803 [main] Steps - Edgedriver Initiated
[INFO ] 2024-09-09 20:00:56.652 [main] Steps - Navigated to: https://opensource-demo.orangehrmlive.com/web/index.php/auth/loginURL
[INFO ] 2024-09-09 20:00:58.254 [main] Steps - Submit button clicked successfully
[INFO ] 2024-09-09 20:01:00.220 [main] Steps - Broswer Closed
[INFO ] 2024-09-09 20:07:15.160 [main] Steps - Edgedriver Initiated
[INFO ] 2024-09-09 20:07:20.838 [main] Steps - Navigated to: https://opensource-demo.orangehrmlive.com/web/index.php/auth/loginURL
[INFO ] 2024-09-09 20:07:22.554 [main] Steps - Submit button clicked successfully
[INFO ] 2024-09-09 20:07:24.397 [main] Steps - Broswer Closed
